<?xml version="1.0" encoding="UTF-8" ?>
<testsuite tests="1" failures="0" name="com.test.AutowiredTest" time="0.009" errors="1" skipped="0">
  <properties>
    <property name="java.runtime.name" value="OpenJDK Runtime Environment"/>
    <property name="java.vm.version" value="11.0.7+10"/>
    <property name="sun.boot.library.path" value="/usr/local/install/jdk-11.0.7+10/lib"/>
    <property name="maven.multiModuleProjectDirectory" value="/home/chenjingyi/study/study/spring-annotation"/>
    <property name="java.vm.vendor" value="AdoptOpenJDK"/>
    <property name="java.vendor.url" value="https://adoptopenjdk.net/"/>
    <property name="guice.disable.misplaced.annotation.check" value="true"/>
    <property name="path.separator" value=":"/>
    <property name="java.vm.name" value="OpenJDK 64-Bit Server VM"/>
    <property name="sun.os.patch.level" value="unknown"/>
    <property name="user.country" value="CN"/>
    <property name="sun.java.launcher" value="SUN_STANDARD"/>
    <property name="java.vm.specification.name" value="Java Virtual Machine Specification"/>
    <property name="user.dir" value="/home/chenjingyi/study/study/spring-annotation"/>
    <property name="java.vm.compressedOopsMode" value="32-bit"/>
    <property name="java.runtime.version" value="11.0.7+10"/>
    <property name="java.awt.graphicsenv" value="sun.awt.X11GraphicsEnvironment"/>
    <property name="os.arch" value="amd64"/>
    <property name="java.io.tmpdir" value="/tmp"/>
    <property name="line.separator" value="
"/>
    <property name="java.vm.specification.vendor" value="Oracle Corporation"/>
    <property name="os.name" value="Linux"/>
    <property name="maven.ext.class.path" value="/opt/idea/ideaIU-2020.1.1/plugins/maven/lib/maven-event-listener.jar"/>
    <property name="classworlds.conf" value="/opt/idea/ideaIU-2020.1.1/plugins/maven/lib/maven3/bin/m2.conf"/>
    <property name="sun.jnu.encoding" value="UTF-8"/>
    <property name="java.library.path" value="/usr/java/packages/lib:/usr/lib64:/lib64:/lib:/usr/lib"/>
    <property name="maven.conf" value="/opt/idea/ideaIU-2020.1.1/plugins/maven/lib/maven3/conf"/>
    <property name="jdk.debug" value="release"/>
    <property name="java.class.version" value="55.0"/>
    <property name="java.specification.name" value="Java Platform API Specification"/>
    <property name="sun.management.compiler" value="HotSpot 64-Bit Tiered Compilers"/>
    <property name="os.version" value="5.4.0-42-generic"/>
    <property name="user.home" value="/home/chenjingyi"/>
    <property name="user.timezone" value="Asia/Shanghai"/>
    <property name="java.awt.printerjob" value="sun.print.PSPrinterJob"/>
    <property name="file.encoding" value="UTF-8"/>
    <property name="java.specification.version" value="11"/>
    <property name="user.name" value="chenjingyi"/>
    <property name="java.class.path" value="/opt/idea/ideaIU-2020.1.1/plugins/maven/lib/maven3/boot/plexus-classworlds.license:/opt/idea/ideaIU-2020.1.1/plugins/maven/lib/maven3/boot/plexus-classworlds-2.6.0.jar"/>
    <property name="java.vm.specification.version" value="11"/>
    <property name="sun.arch.data.model" value="64"/>
    <property name="sun.java.command" value="org.codehaus.classworlds.Launcher -Didea.version2020.1.1 install"/>
    <property name="java.home" value="/usr/local/install/jdk-11.0.7+10"/>
    <property name="user.language" value="zh"/>
    <property name="java.specification.vendor" value="Oracle Corporation"/>
    <property name="idea.version2020.1.1" value="true"/>
    <property name="awt.toolkit" value="sun.awt.X11.XToolkit"/>
    <property name="java.vm.info" value="mixed mode"/>
    <property name="java.version" value="11.0.7"/>
    <property name="securerandom.source" value="file:/dev/./urandom"/>
    <property name="java.vendor" value="AdoptOpenJDK"/>
    <property name="maven.home" value="/opt/idea/ideaIU-2020.1.1/plugins/maven/lib/maven3"/>
    <property name="file.separator" value="/"/>
    <property name="java.version.date" value="2020-04-14"/>
    <property name="java.vendor.url.bug" value="https://github.com/AdoptOpenJDK/openjdk-support/issues"/>
    <property name="sun.io.unicode.encoding" value="UnicodeLittle"/>
    <property name="sun.cpu.endian" value="little"/>
    <property name="java.vendor.version" value="AdoptOpenJDK"/>
    <property name="sun.desktop" value="gnome"/>
    <property name="sun.cpu.isalist" value=""/>
  </properties>
  <testcase classname="com.test.AutowiredTest" name="test01" time="0.009">
    <error message="Error creating bean with name &apos;dog&apos; defined in file [/home/chenjingyi/study/study/spring-annotation/target/classes/com/bean/Dog.class]: Initialization of bean failed; nested exception is java.lang.StackOverflowError" type="org.springframework.beans.factory.BeanCreationException">org.springframework.beans.factory.BeanCreationException: Error creating bean with name &apos;dog&apos; defined in file [/home/chenjingyi/study/study/spring-annotation/target/classes/com/bean/Dog.class]: Initialization of bean failed; nested exception is java.lang.StackOverflowError
	at org.springframework.beans.factory.support.AbstractAutowireCapableBeanFactory.doCreateBean(AbstractAutowireCapableBeanFactory.java:564)
	at org.springframework.beans.factory.support.AbstractAutowireCapableBeanFactory.createBean(AbstractAutowireCapableBeanFactory.java:483)
	at org.springframework.beans.factory.support.AbstractBeanFactory$1.getObject(AbstractBeanFactory.java:306)
	at org.springframework.beans.factory.support.DefaultSingletonBeanRegistry.getSingleton(DefaultSingletonBeanRegistry.java:230)
	at org.springframework.beans.factory.support.AbstractBeanFactory.doGetBean(AbstractBeanFactory.java:302)
	at org.springframework.beans.factory.support.AbstractBeanFactory.getBean(AbstractBeanFactory.java:197)
	at org.springframework.beans.factory.support.DefaultListableBeanFactory.preInstantiateSingletons(DefaultListableBeanFactory.java:761)
	at org.springframework.context.support.AbstractApplicationContext.finishBeanFactoryInitialization(AbstractApplicationContext.java:867)
	at org.springframework.context.support.AbstractApplicationContext.refresh(AbstractApplicationContext.java:543)
	at org.springframework.context.annotation.AnnotationConfigApplicationContext.&lt;init&gt;(AnnotationConfigApplicationContext.java:84)
	at com.test.AutowiredTest.&lt;init&gt;(AutowiredTest.java:12)
	at java.base/jdk.internal.reflect.NativeConstructorAccessorImpl.newInstance0(Native Method)
	at java.base/jdk.internal.reflect.NativeConstructorAccessorImpl.newInstance(NativeConstructorAccessorImpl.java:62)
	at java.base/jdk.internal.reflect.DelegatingConstructorAccessorImpl.newInstance(DelegatingConstructorAccessorImpl.java:45)
	at java.base/java.lang.reflect.Constructor.newInstance(Constructor.java:490)
	at org.junit.runners.BlockJUnit4ClassRunner.createTest(BlockJUnit4ClassRunner.java:217)
	at org.junit.runners.BlockJUnit4ClassRunner$1.runReflectiveCall(BlockJUnit4ClassRunner.java:266)
	at org.junit.internal.runners.model.ReflectiveCallable.run(ReflectiveCallable.java:12)
	at org.junit.runners.BlockJUnit4ClassRunner.methodBlock(BlockJUnit4ClassRunner.java:263)
	at org.junit.runners.BlockJUnit4ClassRunner.runChild(BlockJUnit4ClassRunner.java:78)
	at org.junit.runners.BlockJUnit4ClassRunner.runChild(BlockJUnit4ClassRunner.java:57)
	at org.junit.runners.ParentRunner$3.run(ParentRunner.java:290)
	at org.junit.runners.ParentRunner$1.schedule(ParentRunner.java:71)
	at org.junit.runners.ParentRunner.runChildren(ParentRunner.java:288)
	at org.junit.runners.ParentRunner.access$000(ParentRunner.java:58)
	at org.junit.runners.ParentRunner$2.evaluate(ParentRunner.java:268)
	at org.junit.runners.ParentRunner.run(ParentRunner.java:363)
	at org.apache.maven.surefire.junit4.JUnit4Provider.execute(JUnit4Provider.java:252)
	at org.apache.maven.surefire.junit4.JUnit4Provider.executeTestSet(JUnit4Provider.java:141)
	at org.apache.maven.surefire.junit4.JUnit4Provider.invoke(JUnit4Provider.java:112)
	at java.base/jdk.internal.reflect.NativeMethodAccessorImpl.invoke0(Native Method)
	at java.base/jdk.internal.reflect.NativeMethodAccessorImpl.invoke(NativeMethodAccessorImpl.java:62)
	at java.base/jdk.internal.reflect.DelegatingMethodAccessorImpl.invoke(DelegatingMethodAccessorImpl.java:43)
	at java.base/java.lang.reflect.Method.invoke(Method.java:566)
	at org.apache.maven.surefire.util.ReflectionUtils.invokeMethodWithArray(ReflectionUtils.java:189)
	at org.apache.maven.surefire.booter.ProviderFactory$ProviderProxy.invoke(ProviderFactory.java:165)
	at org.apache.maven.surefire.booter.ProviderFactory.invokeProvider(ProviderFactory.java:85)
	at org.apache.maven.surefire.booter.ForkedBooter.runSuitesInProcess(ForkedBooter.java:115)
	at org.apache.maven.surefire.booter.ForkedBooter.main(ForkedBooter.java:75)
Caused by: java.lang.StackOverflowError
	at com.bean.Dog.setApplicationContext(Dog.java:32)
	at com.bean.Dog.setApplicationContext(Dog.java:32)
	at com.bean.Dog.setApplicationContext(Dog.java:32)
	at com.bean.Dog.setApplicationContext(Dog.java:32)
	at com.bean.Dog.setApplicationContext(Dog.java:32)
	at com.bean.Dog.setApplicationContext(Dog.java:32)
	at com.bean.Dog.setApplicationContext(Dog.java:32)
	at com.bean.Dog.setApplicationContext(Dog.java:32)
	at com.bean.Dog.setApplicationContext(Dog.java:32)
	at com.bean.Dog.setApplicationContext(Dog.java:32)
	at com.bean.Dog.setApplicationContext(Dog.java:32)
	at com.bean.Dog.setApplicationContext(Dog.java:32)
	at com.bean.Dog.setApplicationContext(Dog.java:32)
	at com.bean.Dog.setApplicationContext(Dog.java:32)
	at com.bean.Dog.setApplicationContext(Dog.java:32)
	at com.bean.Dog.setApplicationContext(Dog.java:32)
	at com.bean.Dog.setApplicationContext(Dog.java:32)
	at com.bean.Dog.setApplicationContext(Dog.java:32)
	at com.bean.Dog.setApplicationContext(Dog.java:32)
	at com.bean.Dog.setApplicationContext(Dog.java:32)
	at com.bean.Dog.setApplicationContext(Dog.java:32)
	at com.bean.Dog.setApplicationContext(Dog.java:32)
	at com.bean.Dog.setApplicationContext(Dog.java:32)
	at com.bean.Dog.setApplicationContext(Dog.java:32)
	at com.bean.Dog.setApplicationContext(Dog.java:32)
	at com.bean.Dog.setApplicationContext(Dog.java:32)
	at com.bean.Dog.setApplicationContext(Dog.java:32)
	at com.bean.Dog.setApplicationContext(Dog.java:32)
	at com.bean.Dog.setApplicationContext(Dog.java:32)
	at com.bean.Dog.setApplicationContext(Dog.java:32)
	at com.bean.Dog.setApplicationContext(Dog.java:32)
	at com.bean.Dog.setApplicationContext(Dog.java:32)
	at com.bean.Dog.setApplicationContext(Dog.java:32)
	at com.bean.Dog.setApplicationContext(Dog.java:32)
	at com.bean.Dog.setApplicationContext(Dog.java:32)
	at com.bean.Dog.setApplicationContext(Dog.java:32)
	at com.bean.Dog.setApplicationContext(Dog.java:32)
	at com.bean.Dog.setApplicationContext(Dog.java:32)
	at com.bean.Dog.setApplicationContext(Dog.java:32)
	at com.bean.Dog.setApplicationContext(Dog.java:32)
	at com.bean.Dog.setApplicationContext(Dog.java:32)
	at com.bean.Dog.setApplicationContext(Dog.java:32)
	at com.bean.Dog.setApplicationContext(Dog.java:32)
	at com.bean.Dog.setApplicationContext(Dog.java:32)
	at com.bean.Dog.setApplicationContext(Dog.java:32)
	at com.bean.Dog.setApplicationContext(Dog.java:32)
	at com.bean.Dog.setApplicationContext(Dog.java:32)
	at com.bean.Dog.setApplicationContext(Dog.java:32)
	at com.bean.Dog.setApplicationContext(Dog.java:32)
	at com.bean.Dog.setApplicationContext(Dog.java:32)
	at com.bean.Dog.setApplicationContext(Dog.java:32)
	at com.bean.Dog.setApplicationContext(Dog.java:32)
	at com.bean.Dog.setApplicationContext(Dog.java:32)
	at com.bean.Dog.setApplicationContext(Dog.java:32)
	at com.bean.Dog.setApplicationContext(Dog.java:32)
	at com.bean.Dog.setApplicationContext(Dog.java:32)
	at com.bean.Dog.setApplicationContext(Dog.java:32)
	at com.bean.Dog.setApplicationContext(Dog.java:32)
	at com.bean.Dog.setApplicationContext(Dog.java:32)
	at com.bean.Dog.setApplicationContext(Dog.java:32)
	at com.bean.Dog.setApplicationContext(Dog.java:32)
	at com.bean.Dog.setApplicationContext(Dog.java:32)
	at com.bean.Dog.setApplicationContext(Dog.java:32)
	at com.bean.Dog.setApplicationContext(Dog.java:32)
	at com.bean.Dog.setApplicationContext(Dog.java:32)
	at com.bean.Dog.setApplicationContext(Dog.java:32)
	at com.bean.Dog.setApplicationContext(Dog.java:32)
	at com.bean.Dog.setApplicationContext(Dog.java:32)
	at com.bean.Dog.setApplicationContext(Dog.java:32)
	at com.bean.Dog.setApplicationContext(Dog.java:32)
	at com.bean.Dog.setApplicationContext(Dog.java:32)
	at com.bean.Dog.setApplicationContext(Dog.java:32)
	at com.bean.Dog.setApplicationContext(Dog.java:32)
	at com.bean.Dog.setApplicationContext(Dog.java:32)
	at com.bean.Dog.setApplicationContext(Dog.java:32)
	at com.bean.Dog.setApplicationContext(Dog.java:32)
	at com.bean.Dog.setApplicationContext(Dog.java:32)
	at com.bean.Dog.setApplicationContext(Dog.java:32)
	at com.bean.Dog.setApplicationContext(Dog.java:32)
	at com.bean.Dog.setApplicationContext(Dog.java:32)
	at com.bean.Dog.setApplicationContext(Dog.java:32)
	at com.bean.Dog.setApplicationContext(Dog.java:32)
	at com.bean.Dog.setApplicationContext(Dog.java:32)
	at com.bean.Dog.setApplicationContext(Dog.java:32)
	at com.bean.Dog.setApplicationContext(Dog.java:32)
	at com.bean.Dog.setApplicationContext(Dog.java:32)
	at com.bean.Dog.setApplicationContext(Dog.java:32)
	at com.bean.Dog.setApplicationContext(Dog.java:32)
	at com.bean.Dog.setApplicationContext(Dog.java:32)
	at com.bean.Dog.setApplicationContext(Dog.java:32)
	at com.bean.Dog.setApplicationContext(Dog.java:32)
	at com.bean.Dog.setApplicationContext(Dog.java:32)
	at com.bean.Dog.setApplicationContext(Dog.java:32)
	at com.bean.Dog.setApplicationContext(Dog.java:32)
	at com.bean.Dog.setApplicationContext(Dog.java:32)
	at com.bean.Dog.setApplicationContext(Dog.java:32)
	at com.bean.Dog.setApplicationContext(Dog.java:32)
	at com.bean.Dog.setApplicationContext(Dog.java:32)
	at com.bean.Dog.setApplicationContext(Dog.java:32)
	at com.bean.Dog.setApplicationContext(Dog.java:32)
	at com.bean.Dog.setApplicationContext(Dog.java:32)
	at com.bean.Dog.setApplicationContext(Dog.java:32)
	at com.bean.Dog.setApplicationContext(Dog.java:32)
	at com.bean.Dog.setApplicationContext(Dog.java:32)
	at com.bean.Dog.setApplicationContext(Dog.java:32)
	at com.bean.Dog.setApplicationContext(Dog.java:32)
	at com.bean.Dog.setApplicationContext(Dog.java:32)
	at com.bean.Dog.setApplicationContext(Dog.java:32)
	at com.bean.Dog.setApplicationContext(Dog.java:32)
	at com.bean.Dog.setApplicationContext(Dog.java:32)
	at com.bean.Dog.setApplicationContext(Dog.java:32)
	at com.bean.Dog.setApplicationContext(Dog.java:32)
	at com.bean.Dog.setApplicationContext(Dog.java:32)
	at com.bean.Dog.setApplicationContext(Dog.java:32)
	at com.bean.Dog.setApplicationContext(Dog.java:32)
	at com.bean.Dog.setApplicationContext(Dog.java:32)
	at com.bean.Dog.setApplicationContext(Dog.java:32)
	at com.bean.Dog.setApplicationContext(Dog.java:32)
	at com.bean.Dog.setApplicationContext(Dog.java:32)
	at com.bean.Dog.setApplicationContext(Dog.java:32)
	at com.bean.Dog.setApplicationContext(Dog.java:32)
	at com.bean.Dog.setApplicationContext(Dog.java:32)
	at com.bean.Dog.setApplicationContext(Dog.java:32)
	at com.bean.Dog.setApplicationContext(Dog.java:32)
	at com.bean.Dog.setApplicationContext(Dog.java:32)
	at com.bean.Dog.setApplicationContext(Dog.java:32)
	at com.bean.Dog.setApplicationContext(Dog.java:32)
	at com.bean.Dog.setApplicationContext(Dog.java:32)
	at com.bean.Dog.setApplicationContext(Dog.java:32)
	at com.bean.Dog.setApplicationContext(Dog.java:32)
	at com.bean.Dog.setApplicationContext(Dog.java:32)
	at com.bean.Dog.setApplicationContext(Dog.java:32)
	at com.bean.Dog.setApplicationContext(Dog.java:32)
	at com.bean.Dog.setApplicationContext(Dog.java:32)
	at com.bean.Dog.setApplicationContext(Dog.java:32)
	at com.bean.Dog.setApplicationContext(Dog.java:32)
	at com.bean.Dog.setApplicationContext(Dog.java:32)
	at com.bean.Dog.setApplicationContext(Dog.java:32)
	at com.bean.Dog.setApplicationContext(Dog.java:32)
	at com.bean.Dog.setApplicationContext(Dog.java:32)
	at com.bean.Dog.setApplicationContext(Dog.java:32)
	at com.bean.Dog.setApplicationContext(Dog.java:32)
	at com.bean.Dog.setApplicationContext(Dog.java:32)
	at com.bean.Dog.setApplicationContext(Dog.java:32)
	at com.bean.Dog.setApplicationContext(Dog.java:32)
	at com.bean.Dog.setApplicationContext(Dog.java:32)
	at com.bean.Dog.setApplicationContext(Dog.java:32)
	at com.bean.Dog.setApplicationContext(Dog.java:32)
	at com.bean.Dog.setApplicationContext(Dog.java:32)
	at com.bean.Dog.setApplicationContext(Dog.java:32)
	at com.bean.Dog.setApplicationContext(Dog.java:32)
	at com.bean.Dog.setApplicationContext(Dog.java:32)
	at com.bean.Dog.setApplicationContext(Dog.java:32)
	at com.bean.Dog.setApplicationContext(Dog.java:32)
	at com.bean.Dog.setApplicationContext(Dog.java:32)
	at com.bean.Dog.setApplicationContext(Dog.java:32)
	at com.bean.Dog.setApplicationContext(Dog.java:32)
	at com.bean.Dog.setApplicationContext(Dog.java:32)
	at com.bean.Dog.setApplicationContext(Dog.java:32)
	at com.bean.Dog.setApplicationContext(Dog.java:32)
	at com.bean.Dog.setApplicationContext(Dog.java:32)
	at com.bean.Dog.setApplicationContext(Dog.java:32)
	at com.bean.Dog.setApplicationContext(Dog.java:32)
	at com.bean.Dog.setApplicationContext(Dog.java:32)
	at com.bean.Dog.setApplicationContext(Dog.java:32)
	at com.bean.Dog.setApplicationContext(Dog.java:32)
	at com.bean.Dog.setApplicationContext(Dog.java:32)
	at com.bean.Dog.setApplicationContext(Dog.java:32)
	at com.bean.Dog.setApplicationContext(Dog.java:32)
	at com.bean.Dog.setApplicationContext(Dog.java:32)
	at com.bean.Dog.setApplicationContext(Dog.java:32)
	at com.bean.Dog.setApplicationContext(Dog.java:32)
	at com.bean.Dog.setApplicationContext(Dog.java:32)
	at com.bean.Dog.setApplicationContext(Dog.java:32)
	at com.bean.Dog.setApplicationContext(Dog.java:32)
	at com.bean.Dog.setApplicationContext(Dog.java:32)
	at com.bean.Dog.setApplicationContext(Dog.java:32)
	at com.bean.Dog.setApplicationContext(Dog.java:32)
	at com.bean.Dog.setApplicationContext(Dog.java:32)
	at com.bean.Dog.setApplicationContext(Dog.java:32)
	at com.bean.Dog.setApplicationContext(Dog.java:32)
	at com.bean.Dog.setApplicationContext(Dog.java:32)
	at com.bean.Dog.setApplicationContext(Dog.java:32)
	at com.bean.Dog.setApplicationContext(Dog.java:32)
	at com.bean.Dog.setApplicationContext(Dog.java:32)
	at com.bean.Dog.setApplicationContext(Dog.java:32)
	at com.bean.Dog.setApplicationContext(Dog.java:32)
	at com.bean.Dog.setApplicationContext(Dog.java:32)
	at com.bean.Dog.setApplicationContext(Dog.java:32)
	at com.bean.Dog.setApplicationContext(Dog.java:32)
	at com.bean.Dog.setApplicationContext(Dog.java:32)
	at com.bean.Dog.setApplicationContext(Dog.java:32)
	at com.bean.Dog.setApplicationContext(Dog.java:32)
	at com.bean.Dog.setApplicationContext(Dog.java:32)
	at com.bean.Dog.setApplicationContext(Dog.java:32)
	at com.bean.Dog.setApplicationContext(Dog.java:32)
	at com.bean.Dog.setApplicationContext(Dog.java:32)
	at com.bean.Dog.setApplicationContext(Dog.java:32)
	at com.bean.Dog.setApplicationContext(Dog.java:32)
	at com.bean.Dog.setApplicationContext(Dog.java:32)
	at com.bean.Dog.setApplicationContext(Dog.java:32)
	at com.bean.Dog.setApplicationContext(Dog.java:32)
	at com.bean.Dog.setApplicationContext(Dog.java:32)
	at com.bean.Dog.setApplicationContext(Dog.java:32)
	at com.bean.Dog.setApplicationContext(Dog.java:32)
	at com.bean.Dog.setApplicationContext(Dog.java:32)
	at com.bean.Dog.setApplicationContext(Dog.java:32)
	at com.bean.Dog.setApplicationContext(Dog.java:32)
	at com.bean.Dog.setApplicationContext(Dog.java:32)
	at com.bean.Dog.setApplicationContext(Dog.java:32)
	at com.bean.Dog.setApplicationContext(Dog.java:32)
	at com.bean.Dog.setApplicationContext(Dog.java:32)
	at com.bean.Dog.setApplicationContext(Dog.java:32)
	at com.bean.Dog.setApplicationContext(Dog.java:32)
	at com.bean.Dog.setApplicationContext(Dog.java:32)
	at com.bean.Dog.setApplicationContext(Dog.java:32)
	at com.bean.Dog.setApplicationContext(Dog.java:32)
	at com.bean.Dog.setApplicationContext(Dog.java:32)
	at com.bean.Dog.setApplicationContext(Dog.java:32)
	at com.bean.Dog.setApplicationContext(Dog.java:32)
	at com.bean.Dog.setApplicationContext(Dog.java:32)
	at com.bean.Dog.setApplicationContext(Dog.java:32)
	at com.bean.Dog.setApplicationContext(Dog.java:32)
	at com.bean.Dog.setApplicationContext(Dog.java:32)
	at com.bean.Dog.setApplicationContext(Dog.java:32)
	at com.bean.Dog.setApplicationContext(Dog.java:32)
	at com.bean.Dog.setApplicationContext(Dog.java:32)
	at com.bean.Dog.setApplicationContext(Dog.java:32)
	at com.bean.Dog.setApplicationContext(Dog.java:32)
	at com.bean.Dog.setApplicationContext(Dog.java:32)
	at com.bean.Dog.setApplicationContext(Dog.java:32)
	at com.bean.Dog.setApplicationContext(Dog.java:32)
	at com.bean.Dog.setApplicationContext(Dog.java:32)
	at com.bean.Dog.setApplicationContext(Dog.java:32)
	at com.bean.Dog.setApplicationContext(Dog.java:32)
	at com.bean.Dog.setApplicationContext(Dog.java:32)
	at com.bean.Dog.setApplicationContext(Dog.java:32)
	at com.bean.Dog.setApplicationContext(Dog.java:32)
	at com.bean.Dog.setApplicationContext(Dog.java:32)
	at com.bean.Dog.setApplicationContext(Dog.java:32)
	at com.bean.Dog.setApplicationContext(Dog.java:32)
	at com.bean.Dog.setApplicationContext(Dog.java:32)
	at com.bean.Dog.setApplicationContext(Dog.java:32)
	at com.bean.Dog.setApplicationContext(Dog.java:32)
	at com.bean.Dog.setApplicationContext(Dog.java:32)
	at com.bean.Dog.setApplicationContext(Dog.java:32)
	at com.bean.Dog.setApplicationContext(Dog.java:32)
	at com.bean.Dog.setApplicationContext(Dog.java:32)
	at com.bean.Dog.setApplicationContext(Dog.java:32)
	at com.bean.Dog.setApplicationContext(Dog.java:32)
	at com.bean.Dog.setApplicationContext(Dog.java:32)
	at com.bean.Dog.setApplicationContext(Dog.java:32)
	at com.bean.Dog.setApplicationContext(Dog.java:32)
	at com.bean.Dog.setApplicationContext(Dog.java:32)
	at com.bean.Dog.setApplicationContext(Dog.java:32)
	at com.bean.Dog.setApplicationContext(Dog.java:32)
	at com.bean.Dog.setApplicationContext(Dog.java:32)
	at com.bean.Dog.setApplicationContext(Dog.java:32)
	at com.bean.Dog.setApplicationContext(Dog.java:32)
	at com.bean.Dog.setApplicationContext(Dog.java:32)
	at com.bean.Dog.setApplicationContext(Dog.java:32)
	at com.bean.Dog.setApplicationContext(Dog.java:32)
	at com.bean.Dog.setApplicationContext(Dog.java:32)
	at com.bean.Dog.setApplicationContext(Dog.java:32)
	at com.bean.Dog.setApplicationContext(Dog.java:32)
	at com.bean.Dog.setApplicationContext(Dog.java:32)
	at com.bean.Dog.setApplicationContext(Dog.java:32)
	at com.bean.Dog.setApplicationContext(Dog.java:32)
	at com.bean.Dog.setApplicationContext(Dog.java:32)
	at com.bean.Dog.setApplicationContext(Dog.java:32)
	at com.bean.Dog.setApplicationContext(Dog.java:32)
	at com.bean.Dog.setApplicationContext(Dog.java:32)
	at com.bean.Dog.setApplicationContext(Dog.java:32)
	at com.bean.Dog.setApplicationContext(Dog.java:32)
	at com.bean.Dog.setApplicationContext(Dog.java:32)
	at com.bean.Dog.setApplicationContext(Dog.java:32)
	at com.bean.Dog.setApplicationContext(Dog.java:32)
	at com.bean.Dog.setApplicationContext(Dog.java:32)
	at com.bean.Dog.setApplicationContext(Dog.java:32)
	at com.bean.Dog.setApplicationContext(Dog.java:32)
	at com.bean.Dog.setApplicationContext(Dog.java:32)
	at com.bean.Dog.setApplicationContext(Dog.java:32)
	at com.bean.Dog.setApplicationContext(Dog.java:32)
	at com.bean.Dog.setApplicationContext(Dog.java:32)
	at com.bean.Dog.setApplicationContext(Dog.java:32)
	at com.bean.Dog.setApplicationContext(Dog.java:32)
	at com.bean.Dog.setApplicationContext(Dog.java:32)
	at com.bean.Dog.setApplicationContext(Dog.java:32)
	at com.bean.Dog.setApplicationContext(Dog.java:32)
	at com.bean.Dog.setApplicationContext(Dog.java:32)
	at com.bean.Dog.setApplicationContext(Dog.java:32)
	at com.bean.Dog.setApplicationContext(Dog.java:32)
	at com.bean.Dog.setApplicationContext(Dog.java:32)
	at com.bean.Dog.setApplicationContext(Dog.java:32)
	at com.bean.Dog.setApplicationContext(Dog.java:32)
	at com.bean.Dog.setApplicationContext(Dog.java:32)
	at com.bean.Dog.setApplicationContext(Dog.java:32)
	at com.bean.Dog.setApplicationContext(Dog.java:32)
	at com.bean.Dog.setApplicationContext(Dog.java:32)
	at com.bean.Dog.setApplicationContext(Dog.java:32)
	at com.bean.Dog.setApplicationContext(Dog.java:32)
	at com.bean.Dog.setApplicationContext(Dog.java:32)
	at com.bean.Dog.setApplicationContext(Dog.java:32)
	at com.bean.Dog.setApplicationContext(Dog.java:32)
	at com.bean.Dog.setApplicationContext(Dog.java:32)
	at com.bean.Dog.setApplicationContext(Dog.java:32)
	at com.bean.Dog.setApplicationContext(Dog.java:32)
	at com.bean.Dog.setApplicationContext(Dog.java:32)
	at com.bean.Dog.setApplicationContext(Dog.java:32)
	at com.bean.Dog.setApplicationContext(Dog.java:32)
	at com.bean.Dog.setApplicationContext(Dog.java:32)
	at com.bean.Dog.setApplicationContext(Dog.java:32)
	at com.bean.Dog.setApplicationContext(Dog.java:32)
	at com.bean.Dog.setApplicationContext(Dog.java:32)
	at com.bean.Dog.setApplicationContext(Dog.java:32)
	at com.bean.Dog.setApplicationContext(Dog.java:32)
	at com.bean.Dog.setApplicationContext(Dog.java:32)
	at com.bean.Dog.setApplicationContext(Dog.java:32)
	at com.bean.Dog.setApplicationContext(Dog.java:32)
	at com.bean.Dog.setApplicationContext(Dog.java:32)
	at com.bean.Dog.setApplicationContext(Dog.java:32)
	at com.bean.Dog.setApplicationContext(Dog.java:32)
	at com.bean.Dog.setApplicationContext(Dog.java:32)
	at com.bean.Dog.setApplicationContext(Dog.java:32)
	at com.bean.Dog.setApplicationContext(Dog.java:32)
	at com.bean.Dog.setApplicationContext(Dog.java:32)
	at com.bean.Dog.setApplicationContext(Dog.java:32)
	at com.bean.Dog.setApplicationContext(Dog.java:32)
	at com.bean.Dog.setApplicationContext(Dog.java:32)
	at com.bean.Dog.setApplicationContext(Dog.java:32)
	at com.bean.Dog.setApplicationContext(Dog.java:32)
	at com.bean.Dog.setApplicationContext(Dog.java:32)
	at com.bean.Dog.setApplicationContext(Dog.java:32)
	at com.bean.Dog.setApplicationContext(Dog.java:32)
	at com.bean.Dog.setApplicationContext(Dog.java:32)
	at com.bean.Dog.setApplicationContext(Dog.java:32)
	at com.bean.Dog.setApplicationContext(Dog.java:32)
	at com.bean.Dog.setApplicationContext(Dog.java:32)
	at com.bean.Dog.setApplicationContext(Dog.java:32)
	at com.bean.Dog.setApplicationContext(Dog.java:32)
	at com.bean.Dog.setApplicationContext(Dog.java:32)
	at com.bean.Dog.setApplicationContext(Dog.java:32)
	at com.bean.Dog.setApplicationContext(Dog.java:32)
	at com.bean.Dog.setApplicationContext(Dog.java:32)
	at com.bean.Dog.setApplicationContext(Dog.java:32)
	at com.bean.Dog.setApplicationContext(Dog.java:32)
	at com.bean.Dog.setApplicationContext(Dog.java:32)
	at com.bean.Dog.setApplicationContext(Dog.java:32)
	at com.bean.Dog.setApplicationContext(Dog.java:32)
	at com.bean.Dog.setApplicationContext(Dog.java:32)
	at com.bean.Dog.setApplicationContext(Dog.java:32)
	at com.bean.Dog.setApplicationContext(Dog.java:32)
	at com.bean.Dog.setApplicationContext(Dog.java:32)
	at com.bean.Dog.setApplicationContext(Dog.java:32)
	at com.bean.Dog.setApplicationContext(Dog.java:32)
	at com.bean.Dog.setApplicationContext(Dog.java:32)
	at com.bean.Dog.setApplicationContext(Dog.java:32)
	at com.bean.Dog.setApplicationContext(Dog.java:32)
	at com.bean.Dog.setApplicationContext(Dog.java:32)
	at com.bean.Dog.setApplicationContext(Dog.java:32)
	at com.bean.Dog.setApplicationContext(Dog.java:32)
	at com.bean.Dog.setApplicationContext(Dog.java:32)
	at com.bean.Dog.setApplicationContext(Dog.java:32)
	at com.bean.Dog.setApplicationContext(Dog.java:32)
	at com.bean.Dog.setApplicationContext(Dog.java:32)
	at com.bean.Dog.setApplicationContext(Dog.java:32)
	at com.bean.Dog.setApplicationContext(Dog.java:32)
	at com.bean.Dog.setApplicationContext(Dog.java:32)
	at com.bean.Dog.setApplicationContext(Dog.java:32)
	at com.bean.Dog.setApplicationContext(Dog.java:32)
	at com.bean.Dog.setApplicationContext(Dog.java:32)
	at com.bean.Dog.setApplicationContext(Dog.java:32)
	at com.bean.Dog.setApplicationContext(Dog.java:32)
	at com.bean.Dog.setApplicationContext(Dog.java:32)
	at com.bean.Dog.setApplicationContext(Dog.java:32)
	at com.bean.Dog.setApplicationContext(Dog.java:32)
	at com.bean.Dog.setApplicationContext(Dog.java:32)
	at com.bean.Dog.setApplicationContext(Dog.java:32)
	at com.bean.Dog.setApplicationContext(Dog.java:32)
	at com.bean.Dog.setApplicationContext(Dog.java:32)
	at com.bean.Dog.setApplicationContext(Dog.java:32)
	at com.bean.Dog.setApplicationContext(Dog.java:32)
	at com.bean.Dog.setApplicationContext(Dog.java:32)
	at com.bean.Dog.setApplicationContext(Dog.java:32)
	at com.bean.Dog.setApplicationContext(Dog.java:32)
	at com.bean.Dog.setApplicationContext(Dog.java:32)
	at com.bean.Dog.setApplicationContext(Dog.java:32)
	at com.bean.Dog.setApplicationContext(Dog.java:32)
	at com.bean.Dog.setApplicationContext(Dog.java:32)
	at com.bean.Dog.setApplicationContext(Dog.java:32)
	at com.bean.Dog.setApplicationContext(Dog.java:32)
	at com.bean.Dog.setApplicationContext(Dog.java:32)
	at com.bean.Dog.setApplicationContext(Dog.java:32)
	at com.bean.Dog.setApplicationContext(Dog.java:32)
	at com.bean.Dog.setApplicationContext(Dog.java:32)
	at com.bean.Dog.setApplicationContext(Dog.java:32)
	at com.bean.Dog.setApplicationContext(Dog.java:32)
	at com.bean.Dog.setApplicationContext(Dog.java:32)
	at com.bean.Dog.setApplicationContext(Dog.java:32)
	at com.bean.Dog.setApplicationContext(Dog.java:32)
	at com.bean.Dog.setApplicationContext(Dog.java:32)
	at com.bean.Dog.setApplicationContext(Dog.java:32)
	at com.bean.Dog.setApplicationContext(Dog.java:32)
	at com.bean.Dog.setApplicationContext(Dog.java:32)
	at com.bean.Dog.setApplicationContext(Dog.java:32)
	at com.bean.Dog.setApplicationContext(Dog.java:32)
	at com.bean.Dog.setApplicationContext(Dog.java:32)
	at com.bean.Dog.setApplicationContext(Dog.java:32)
	at com.bean.Dog.setApplicationContext(Dog.java:32)
	at com.bean.Dog.setApplicationContext(Dog.java:32)
	at com.bean.Dog.setApplicationContext(Dog.java:32)
	at com.bean.Dog.setApplicationContext(Dog.java:32)
	at com.bean.Dog.setApplicationContext(Dog.java:32)
	at com.bean.Dog.setApplicationContext(Dog.java:32)
	at com.bean.Dog.setApplicationContext(Dog.java:32)
	at com.bean.Dog.setApplicationContext(Dog.java:32)
	at com.bean.Dog.setApplicationContext(Dog.java:32)
	at com.bean.Dog.setApplicationContext(Dog.java:32)
	at com.bean.Dog.setApplicationContext(Dog.java:32)
	at com.bean.Dog.setApplicationContext(Dog.java:32)
	at com.bean.Dog.setApplicationContext(Dog.java:32)
	at com.bean.Dog.setApplicationContext(Dog.java:32)
	at com.bean.Dog.setApplicationContext(Dog.java:32)
	at com.bean.Dog.setApplicationContext(Dog.java:32)
	at com.bean.Dog.setApplicationContext(Dog.java:32)
	at com.bean.Dog.setApplicationContext(Dog.java:32)
	at com.bean.Dog.setApplicationContext(Dog.java:32)
	at com.bean.Dog.setApplicationContext(Dog.java:32)
	at com.bean.Dog.setApplicationContext(Dog.java:32)
	at com.bean.Dog.setApplicationContext(Dog.java:32)
	at com.bean.Dog.setApplicationContext(Dog.java:32)
	at com.bean.Dog.setApplicationContext(Dog.java:32)
	at com.bean.Dog.setApplicationContext(Dog.java:32)
	at com.bean.Dog.setApplicationContext(Dog.java:32)
	at com.bean.Dog.setApplicationContext(Dog.java:32)
	at com.bean.Dog.setApplicationContext(Dog.java:32)
	at com.bean.Dog.setApplicationContext(Dog.java:32)
	at com.bean.Dog.setApplicationContext(Dog.java:32)
	at com.bean.Dog.setApplicationContext(Dog.java:32)
	at com.bean.Dog.setApplicationContext(Dog.java:32)
	at com.bean.Dog.setApplicationContext(Dog.java:32)
	at com.bean.Dog.setApplicationContext(Dog.java:32)
	at com.bean.Dog.setApplicationContext(Dog.java:32)
	at com.bean.Dog.setApplicationContext(Dog.java:32)
	at com.bean.Dog.setApplicationContext(Dog.java:32)
	at com.bean.Dog.setApplicationContext(Dog.java:32)
	at com.bean.Dog.setApplicationContext(Dog.java:32)
	at com.bean.Dog.setApplicationContext(Dog.java:32)
	at com.bean.Dog.setApplicationContext(Dog.java:32)
	at com.bean.Dog.setApplicationContext(Dog.java:32)
	at com.bean.Dog.setApplicationContext(Dog.java:32)
	at com.bean.Dog.setApplicationContext(Dog.java:32)
	at com.bean.Dog.setApplicationContext(Dog.java:32)
	at com.bean.Dog.setApplicationContext(Dog.java:32)
	at com.bean.Dog.setApplicationContext(Dog.java:32)
	at com.bean.Dog.setApplicationContext(Dog.java:32)
	at com.bean.Dog.setApplicationContext(Dog.java:32)
	at com.bean.Dog.setApplicationContext(Dog.java:32)
	at com.bean.Dog.setApplicationContext(Dog.java:32)
	at com.bean.Dog.setApplicationContext(Dog.java:32)
	at com.bean.Dog.setApplicationContext(Dog.java:32)
	at com.bean.Dog.setApplicationContext(Dog.java:32)
	at com.bean.Dog.setApplicationContext(Dog.java:32)
	at com.bean.Dog.setApplicationContext(Dog.java:32)
	at com.bean.Dog.setApplicationContext(Dog.java:32)
	at com.bean.Dog.setApplicationContext(Dog.java:32)
	at com.bean.Dog.setApplicationContext(Dog.java:32)
	at com.bean.Dog.setApplicationContext(Dog.java:32)
	at com.bean.Dog.setApplicationContext(Dog.java:32)
	at com.bean.Dog.setApplicationContext(Dog.java:32)
	at com.bean.Dog.setApplicationContext(Dog.java:32)
	at com.bean.Dog.setApplicationContext(Dog.java:32)
	at com.bean.Dog.setApplicationContext(Dog.java:32)
	at com.bean.Dog.setApplicationContext(Dog.java:32)
	at com.bean.Dog.setApplicationContext(Dog.java:32)
	at com.bean.Dog.setApplicationContext(Dog.java:32)
	at com.bean.Dog.setApplicationContext(Dog.java:32)
	at com.bean.Dog.setApplicationContext(Dog.java:32)
	at com.bean.Dog.setApplicationContext(Dog.java:32)
	at com.bean.Dog.setApplicationContext(Dog.java:32)
	at com.bean.Dog.setApplicationContext(Dog.java:32)
	at com.bean.Dog.setApplicationContext(Dog.java:32)
	at com.bean.Dog.setApplicationContext(Dog.java:32)
	at com.bean.Dog.setApplicationContext(Dog.java:32)
	at com.bean.Dog.setApplicationContext(Dog.java:32)
	at com.bean.Dog.setApplicationContext(Dog.java:32)
	at com.bean.Dog.setApplicationContext(Dog.java:32)
	at com.bean.Dog.setApplicationContext(Dog.java:32)
	at com.bean.Dog.setApplicationContext(Dog.java:32)
	at com.bean.Dog.setApplicationContext(Dog.java:32)
	at com.bean.Dog.setApplicationContext(Dog.java:32)
	at com.bean.Dog.setApplicationContext(Dog.java:32)
	at com.bean.Dog.setApplicationContext(Dog.java:32)
	at com.bean.Dog.setApplicationContext(Dog.java:32)
	at com.bean.Dog.setApplicationContext(Dog.java:32)
	at com.bean.Dog.setApplicationContext(Dog.java:32)
	at com.bean.Dog.setApplicationContext(Dog.java:32)
	at com.bean.Dog.setApplicationContext(Dog.java:32)
	at com.bean.Dog.setApplicationContext(Dog.java:32)
	at com.bean.Dog.setApplicationContext(Dog.java:32)
	at com.bean.Dog.setApplicationContext(Dog.java:32)
	at com.bean.Dog.setApplicationContext(Dog.java:32)
	at com.bean.Dog.setApplicationContext(Dog.java:32)
	at com.bean.Dog.setApplicationContext(Dog.java:32)
	at com.bean.Dog.setApplicationContext(Dog.java:32)
	at com.bean.Dog.setApplicationContext(Dog.java:32)
	at com.bean.Dog.setApplicationContext(Dog.java:32)
	at com.bean.Dog.setApplicationContext(Dog.java:32)
	at com.bean.Dog.setApplicationContext(Dog.java:32)
	at com.bean.Dog.setApplicationContext(Dog.java:32)
	at com.bean.Dog.setApplicationContext(Dog.java:32)
	at com.bean.Dog.setApplicationContext(Dog.java:32)
	at com.bean.Dog.setApplicationContext(Dog.java:32)
	at com.bean.Dog.setApplicationContext(Dog.java:32)
	at com.bean.Dog.setApplicationContext(Dog.java:32)
	at com.bean.Dog.setApplicationContext(Dog.java:32)
	at com.bean.Dog.setApplicationContext(Dog.java:32)
	at com.bean.Dog.setApplicationContext(Dog.java:32)
	at com.bean.Dog.setApplicationContext(Dog.java:32)
	at com.bean.Dog.setApplicationContext(Dog.java:32)
	at com.bean.Dog.setApplicationContext(Dog.java:32)
	at com.bean.Dog.setApplicationContext(Dog.java:32)
	at com.bean.Dog.setApplicationContext(Dog.java:32)
	at com.bean.Dog.setApplicationContext(Dog.java:32)
	at com.bean.Dog.setApplicationContext(Dog.java:32)
	at com.bean.Dog.setApplicationContext(Dog.java:32)
	at com.bean.Dog.setApplicationContext(Dog.java:32)
	at com.bean.Dog.setApplicationContext(Dog.java:32)
	at com.bean.Dog.setApplicationContext(Dog.java:32)
	at com.bean.Dog.setApplicationContext(Dog.java:32)
	at com.bean.Dog.setApplicationContext(Dog.java:32)
	at com.bean.Dog.setApplicationContext(Dog.java:32)
	at com.bean.Dog.setApplicationContext(Dog.java:32)
	at com.bean.Dog.setApplicationContext(Dog.java:32)
	at com.bean.Dog.setApplicationContext(Dog.java:32)
	at com.bean.Dog.setApplicationContext(Dog.java:32)
	at com.bean.Dog.setApplicationContext(Dog.java:32)
	at com.bean.Dog.setApplicationContext(Dog.java:32)
	at com.bean.Dog.setApplicationContext(Dog.java:32)
	at com.bean.Dog.setApplicationContext(Dog.java:32)
	at com.bean.Dog.setApplicationContext(Dog.java:32)
	at com.bean.Dog.setApplicationContext(Dog.java:32)
	at com.bean.Dog.setApplicationContext(Dog.java:32)
	at com.bean.Dog.setApplicationContext(Dog.java:32)
	at com.bean.Dog.setApplicationContext(Dog.java:32)
	at com.bean.Dog.setApplicationContext(Dog.java:32)
	at com.bean.Dog.setApplicationContext(Dog.java:32)
	at com.bean.Dog.setApplicationContext(Dog.java:32)
	at com.bean.Dog.setApplicationContext(Dog.java:32)
	at com.bean.Dog.setApplicationContext(Dog.java:32)
	at com.bean.Dog.setApplicationContext(Dog.java:32)
	at com.bean.Dog.setApplicationContext(Dog.java:32)
	at com.bean.Dog.setApplicationContext(Dog.java:32)
	at com.bean.Dog.setApplicationContext(Dog.java:32)
	at com.bean.Dog.setApplicationContext(Dog.java:32)
	at com.bean.Dog.setApplicationContext(Dog.java:32)
	at com.bean.Dog.setApplicationContext(Dog.java:32)
	at com.bean.Dog.setApplicationContext(Dog.java:32)
	at com.bean.Dog.setApplicationContext(Dog.java:32)
	at com.bean.Dog.setApplicationContext(Dog.java:32)
	at com.bean.Dog.setApplicationContext(Dog.java:32)
	at com.bean.Dog.setApplicationContext(Dog.java:32)
	at com.bean.Dog.setApplicationContext(Dog.java:32)
	at com.bean.Dog.setApplicationContext(Dog.java:32)
	at com.bean.Dog.setApplicationContext(Dog.java:32)
	at com.bean.Dog.setApplicationContext(Dog.java:32)
	at com.bean.Dog.setApplicationContext(Dog.java:32)
	at com.bean.Dog.setApplicationContext(Dog.java:32)
	at com.bean.Dog.setApplicationContext(Dog.java:32)
	at com.bean.Dog.setApplicationContext(Dog.java:32)
	at com.bean.Dog.setApplicationContext(Dog.java:32)
	at com.bean.Dog.setApplicationContext(Dog.java:32)
	at com.bean.Dog.setApplicationContext(Dog.java:32)
	at com.bean.Dog.setApplicationContext(Dog.java:32)
	at com.bean.Dog.setApplicationContext(Dog.java:32)
	at com.bean.Dog.setApplicationContext(Dog.java:32)
	at com.bean.Dog.setApplicationContext(Dog.java:32)
	at com.bean.Dog.setApplicationContext(Dog.java:32)
	at com.bean.Dog.setApplicationContext(Dog.java:32)
	at com.bean.Dog.setApplicationContext(Dog.java:32)
	at com.bean.Dog.setApplicationContext(Dog.java:32)
	at com.bean.Dog.setApplicationContext(Dog.java:32)
	at com.bean.Dog.setApplicationContext(Dog.java:32)
	at com.bean.Dog.setApplicationContext(Dog.java:32)
	at com.bean.Dog.setApplicationContext(Dog.java:32)
	at com.bean.Dog.setApplicationContext(Dog.java:32)
	at com.bean.Dog.setApplicationContext(Dog.java:32)
	at com.bean.Dog.setApplicationContext(Dog.java:32)
	at com.bean.Dog.setApplicationContext(Dog.java:32)
	at com.bean.Dog.setApplicationContext(Dog.java:32)
	at com.bean.Dog.setApplicationContext(Dog.java:32)
	at com.bean.Dog.setApplicationContext(Dog.java:32)
	at com.bean.Dog.setApplicationContext(Dog.java:32)
	at com.bean.Dog.setApplicationContext(Dog.java:32)
	at com.bean.Dog.setApplicationContext(Dog.java:32)
	at com.bean.Dog.setApplicationContext(Dog.java:32)
	at com.bean.Dog.setApplicationContext(Dog.java:32)
	at com.bean.Dog.setApplicationContext(Dog.java:32)
	at com.bean.Dog.setApplicationContext(Dog.java:32)
	at com.bean.Dog.setApplicationContext(Dog.java:32)
	at com.bean.Dog.setApplicationContext(Dog.java:32)
	at com.bean.Dog.setApplicationContext(Dog.java:32)
	at com.bean.Dog.setApplicationContext(Dog.java:32)
	at com.bean.Dog.setApplicationContext(Dog.java:32)
	at com.bean.Dog.setApplicationContext(Dog.java:32)
	at com.bean.Dog.setApplicationContext(Dog.java:32)
	at com.bean.Dog.setApplicationContext(Dog.java:32)
	at com.bean.Dog.setApplicationContext(Dog.java:32)
	at com.bean.Dog.setApplicationContext(Dog.java:32)
	at com.bean.Dog.setApplicationContext(Dog.java:32)
	at com.bean.Dog.setApplicationContext(Dog.java:32)
	at com.bean.Dog.setApplicationContext(Dog.java:32)
	at com.bean.Dog.setApplicationContext(Dog.java:32)
	at com.bean.Dog.setApplicationContext(Dog.java:32)
	at com.bean.Dog.setApplicationContext(Dog.java:32)
	at com.bean.Dog.setApplicationContext(Dog.java:32)
	at com.bean.Dog.setApplicationContext(Dog.java:32)
	at com.bean.Dog.setApplicationContext(Dog.java:32)
	at com.bean.Dog.setApplicationContext(Dog.java:32)
	at com.bean.Dog.setApplicationContext(Dog.java:32)
	at com.bean.Dog.setApplicationContext(Dog.java:32)
	at com.bean.Dog.setApplicationContext(Dog.java:32)
	at com.bean.Dog.setApplicationContext(Dog.java:32)
	at com.bean.Dog.setApplicationContext(Dog.java:32)
	at com.bean.Dog.setApplicationContext(Dog.java:32)
	at com.bean.Dog.setApplicationContext(Dog.java:32)
	at com.bean.Dog.setApplicationContext(Dog.java:32)
	at com.bean.Dog.setApplicationContext(Dog.java:32)
	at com.bean.Dog.setApplicationContext(Dog.java:32)
	at com.bean.Dog.setApplicationContext(Dog.java:32)
	at com.bean.Dog.setApplicationContext(Dog.java:32)
	at com.bean.Dog.setApplicationContext(Dog.java:32)
	at com.bean.Dog.setApplicationContext(Dog.java:32)
	at com.bean.Dog.setApplicationContext(Dog.java:32)
	at com.bean.Dog.setApplicationContext(Dog.java:32)
	at com.bean.Dog.setApplicationContext(Dog.java:32)
	at com.bean.Dog.setApplicationContext(Dog.java:32)
	at com.bean.Dog.setApplicationContext(Dog.java:32)
	at com.bean.Dog.setApplicationContext(Dog.java:32)
	at com.bean.Dog.setApplicationContext(Dog.java:32)
	at com.bean.Dog.setApplicationContext(Dog.java:32)
	at com.bean.Dog.setApplicationContext(Dog.java:32)
	at com.bean.Dog.setApplicationContext(Dog.java:32)
	at com.bean.Dog.setApplicationContext(Dog.java:32)
	at com.bean.Dog.setApplicationContext(Dog.java:32)
	at com.bean.Dog.setApplicationContext(Dog.java:32)
	at com.bean.Dog.setApplicationContext(Dog.java:32)
	at com.bean.Dog.setApplicationContext(Dog.java:32)
	at com.bean.Dog.setApplicationContext(Dog.java:32)
	at com.bean.Dog.setApplicationContext(Dog.java:32)
	at com.bean.Dog.setApplicationContext(Dog.java:32)
	at com.bean.Dog.setApplicationContext(Dog.java:32)
	at com.bean.Dog.setApplicationContext(Dog.java:32)
	at com.bean.Dog.setApplicationContext(Dog.java:32)
	at com.bean.Dog.setApplicationContext(Dog.java:32)
	at com.bean.Dog.setApplicationContext(Dog.java:32)
	at com.bean.Dog.setApplicationContext(Dog.java:32)
	at com.bean.Dog.setApplicationContext(Dog.java:32)
	at com.bean.Dog.setApplicationContext(Dog.java:32)
	at com.bean.Dog.setApplicationContext(Dog.java:32)
	at com.bean.Dog.setApplicationContext(Dog.java:32)
	at com.bean.Dog.setApplicationContext(Dog.java:32)
	at com.bean.Dog.setApplicationContext(Dog.java:32)
	at com.bean.Dog.setApplicationContext(Dog.java:32)
	at com.bean.Dog.setApplicationContext(Dog.java:32)
	at com.bean.Dog.setApplicationContext(Dog.java:32)
	at com.bean.Dog.setApplicationContext(Dog.java:32)
	at com.bean.Dog.setApplicationContext(Dog.java:32)
	at com.bean.Dog.setApplicationContext(Dog.java:32)
	at com.bean.Dog.setApplicationContext(Dog.java:32)
	at com.bean.Dog.setApplicationContext(Dog.java:32)
	at com.bean.Dog.setApplicationContext(Dog.java:32)
	at com.bean.Dog.setApplicationContext(Dog.java:32)
	at com.bean.Dog.setApplicationContext(Dog.java:32)
	at com.bean.Dog.setApplicationContext(Dog.java:32)
	at com.bean.Dog.setApplicationContext(Dog.java:32)
	at com.bean.Dog.setApplicationContext(Dog.java:32)
	at com.bean.Dog.setApplicationContext(Dog.java:32)
	at com.bean.Dog.setApplicationContext(Dog.java:32)
	at com.bean.Dog.setApplicationContext(Dog.java:32)
	at com.bean.Dog.setApplicationContext(Dog.java:32)
	at com.bean.Dog.setApplicationContext(Dog.java:32)
	at com.bean.Dog.setApplicationContext(Dog.java:32)
	at com.bean.Dog.setApplicationContext(Dog.java:32)
	at com.bean.Dog.setApplicationContext(Dog.java:32)
	at com.bean.Dog.setApplicationContext(Dog.java:32)
	at com.bean.Dog.setApplicationContext(Dog.java:32)
	at com.bean.Dog.setApplicationContext(Dog.java:32)
	at com.bean.Dog.setApplicationContext(Dog.java:32)
	at com.bean.Dog.setApplicationContext(Dog.java:32)
	at com.bean.Dog.setApplicationContext(Dog.java:32)
	at com.bean.Dog.setApplicationContext(Dog.java:32)
	at com.bean.Dog.setApplicationContext(Dog.java:32)
	at com.bean.Dog.setApplicationContext(Dog.java:32)
	at com.bean.Dog.setApplicationContext(Dog.java:32)
	at com.bean.Dog.setApplicationContext(Dog.java:32)
	at com.bean.Dog.setApplicationContext(Dog.java:32)
	at com.bean.Dog.setApplicationContext(Dog.java:32)
	at com.bean.Dog.setApplicationContext(Dog.java:32)
	at com.bean.Dog.setApplicationContext(Dog.java:32)
	at com.bean.Dog.setApplicationContext(Dog.java:32)
	at com.bean.Dog.setApplicationContext(Dog.java:32)
	at com.bean.Dog.setApplicationContext(Dog.java:32)
	at com.bean.Dog.setApplicationContext(Dog.java:32)
	at com.bean.Dog.setApplicationContext(Dog.java:32)
	at com.bean.Dog.setApplicationContext(Dog.java:32)
	at com.bean.Dog.setApplicationContext(Dog.java:32)
	at com.bean.Dog.setApplicationContext(Dog.java:32)
	at com.bean.Dog.setApplicationContext(Dog.java:32)
	at com.bean.Dog.setApplicationContext(Dog.java:32)
	at com.bean.Dog.setApplicationContext(Dog.java:32)
	at com.bean.Dog.setApplicationContext(Dog.java:32)
	at com.bean.Dog.setApplicationContext(Dog.java:32)
	at com.bean.Dog.setApplicationContext(Dog.java:32)
	at com.bean.Dog.setApplicationContext(Dog.java:32)
	at com.bean.Dog.setApplicationContext(Dog.java:32)
	at com.bean.Dog.setApplicationContext(Dog.java:32)
	at com.bean.Dog.setApplicationContext(Dog.java:32)
	at com.bean.Dog.setApplicationContext(Dog.java:32)
	at com.bean.Dog.setApplicationContext(Dog.java:32)
	at com.bean.Dog.setApplicationContext(Dog.java:32)
	at com.bean.Dog.setApplicationContext(Dog.java:32)
	at com.bean.Dog.setApplicationContext(Dog.java:32)
	at com.bean.Dog.setApplicationContext(Dog.java:32)
	at com.bean.Dog.setApplicationContext(Dog.java:32)
	at com.bean.Dog.setApplicationContext(Dog.java:32)
	at com.bean.Dog.setApplicationContext(Dog.java:32)
	at com.bean.Dog.setApplicationContext(Dog.java:32)
	at com.bean.Dog.setApplicationContext(Dog.java:32)
	at com.bean.Dog.setApplicationContext(Dog.java:32)
	at com.bean.Dog.setApplicationContext(Dog.java:32)
	at com.bean.Dog.setApplicationContext(Dog.java:32)
	at com.bean.Dog.setApplicationContext(Dog.java:32)
	at com.bean.Dog.setApplicationContext(Dog.java:32)
	at com.bean.Dog.setApplicationContext(Dog.java:32)
	at com.bean.Dog.setApplicationContext(Dog.java:32)
	at com.bean.Dog.setApplicationContext(Dog.java:32)
	at com.bean.Dog.setApplicationContext(Dog.java:32)
	at com.bean.Dog.setApplicationContext(Dog.java:32)
	at com.bean.Dog.setApplicationContext(Dog.java:32)
	at com.bean.Dog.setApplicationContext(Dog.java:32)
	at com.bean.Dog.setApplicationContext(Dog.java:32)
	at com.bean.Dog.setApplicationContext(Dog.java:32)
	at com.bean.Dog.setApplicationContext(Dog.java:32)
	at com.bean.Dog.setApplicationContext(Dog.java:32)
	at com.bean.Dog.setApplicationContext(Dog.java:32)
	at com.bean.Dog.setApplicationContext(Dog.java:32)
	at com.bean.Dog.setApplicationContext(Dog.java:32)
	at com.bean.Dog.setApplicationContext(Dog.java:32)
	at com.bean.Dog.setApplicationContext(Dog.java:32)
	at com.bean.Dog.setApplicationContext(Dog.java:32)
	at com.bean.Dog.setApplicationContext(Dog.java:32)
	at com.bean.Dog.setApplicationContext(Dog.java:32)
	at com.bean.Dog.setApplicationContext(Dog.java:32)
	at com.bean.Dog.setApplicationContext(Dog.java:32)
	at com.bean.Dog.setApplicationContext(Dog.java:32)
	at com.bean.Dog.setApplicationContext(Dog.java:32)
	at com.bean.Dog.setApplicationContext(Dog.java:32)
	at com.bean.Dog.setApplicationContext(Dog.java:32)
	at com.bean.Dog.setApplicationContext(Dog.java:32)
	at com.bean.Dog.setApplicationContext(Dog.java:32)
	at com.bean.Dog.setApplicationContext(Dog.java:32)
	at com.bean.Dog.setApplicationContext(Dog.java:32)
	at com.bean.Dog.setApplicationContext(Dog.java:32)
	at com.bean.Dog.setApplicationContext(Dog.java:32)
	at com.bean.Dog.setApplicationContext(Dog.java:32)
	at com.bean.Dog.setApplicationContext(Dog.java:32)
	at com.bean.Dog.setApplicationContext(Dog.java:32)
	at com.bean.Dog.setApplicationContext(Dog.java:32)
	at com.bean.Dog.setApplicationContext(Dog.java:32)
	at com.bean.Dog.setApplicationContext(Dog.java:32)
	at com.bean.Dog.setApplicationContext(Dog.java:32)
	at com.bean.Dog.setApplicationContext(Dog.java:32)
	at com.bean.Dog.setApplicationContext(Dog.java:32)
	at com.bean.Dog.setApplicationContext(Dog.java:32)
	at com.bean.Dog.setApplicationContext(Dog.java:32)
	at com.bean.Dog.setApplicationContext(Dog.java:32)
	at com.bean.Dog.setApplicationContext(Dog.java:32)
	at com.bean.Dog.setApplicationContext(Dog.java:32)
	at com.bean.Dog.setApplicationContext(Dog.java:32)
	at com.bean.Dog.setApplicationContext(Dog.java:32)
	at com.bean.Dog.setApplicationContext(Dog.java:32)
	at com.bean.Dog.setApplicationContext(Dog.java:32)
	at com.bean.Dog.setApplicationContext(Dog.java:32)
	at com.bean.Dog.setApplicationContext(Dog.java:32)
	at com.bean.Dog.setApplicationContext(Dog.java:32)
	at com.bean.Dog.setApplicationContext(Dog.java:32)
	at com.bean.Dog.setApplicationContext(Dog.java:32)
	at com.bean.Dog.setApplicationContext(Dog.java:32)
	at com.bean.Dog.setApplicationContext(Dog.java:32)
	at com.bean.Dog.setApplicationContext(Dog.java:32)
	at com.bean.Dog.setApplicationContext(Dog.java:32)
	at com.bean.Dog.setApplicationContext(Dog.java:32)
	at com.bean.Dog.setApplicationContext(Dog.java:32)
	at com.bean.Dog.setApplicationContext(Dog.java:32)
	at com.bean.Dog.setApplicationContext(Dog.java:32)
	at com.bean.Dog.setApplicationContext(Dog.java:32)
	at com.bean.Dog.setApplicationContext(Dog.java:32)
	at com.bean.Dog.setApplicationContext(Dog.java:32)
	at com.bean.Dog.setApplicationContext(Dog.java:32)
	at com.bean.Dog.setApplicationContext(Dog.java:32)
	at com.bean.Dog.setApplicationContext(Dog.java:32)
	at com.bean.Dog.setApplicationContext(Dog.java:32)
	at com.bean.Dog.setApplicationContext(Dog.java:32)
	at com.bean.Dog.setApplicationContext(Dog.java:32)
	at com.bean.Dog.setApplicationContext(Dog.java:32)
	at com.bean.Dog.setApplicationContext(Dog.java:32)
	at com.bean.Dog.setApplicationContext(Dog.java:32)
	at com.bean.Dog.setApplicationContext(Dog.java:32)
	at com.bean.Dog.setApplicationContext(Dog.java:32)
	at com.bean.Dog.setApplicationContext(Dog.java:32)
	at com.bean.Dog.setApplicationContext(Dog.java:32)
	at com.bean.Dog.setApplicationContext(Dog.java:32)
	at com.bean.Dog.setApplicationContext(Dog.java:32)
	at com.bean.Dog.setApplicationContext(Dog.java:32)
	at com.bean.Dog.setApplicationContext(Dog.java:32)
	at com.bean.Dog.setApplicationContext(Dog.java:32)
	at com.bean.Dog.setApplicationContext(Dog.java:32)
	at com.bean.Dog.setApplicationContext(Dog.java:32)
	at com.bean.Dog.setApplicationContext(Dog.java:32)
	at com.bean.Dog.setApplicationContext(Dog.java:32)
	at com.bean.Dog.setApplicationContext(Dog.java:32)
	at com.bean.Dog.setApplicationContext(Dog.java:32)
	at com.bean.Dog.setApplicationContext(Dog.java:32)
	at com.bean.Dog.setApplicationContext(Dog.java:32)
	at com.bean.Dog.setApplicationContext(Dog.java:32)
	at com.bean.Dog.setApplicationContext(Dog.java:32)
	at com.bean.Dog.setApplicationContext(Dog.java:32)
	at com.bean.Dog.setApplicationContext(Dog.java:32)
	at com.bean.Dog.setApplicationContext(Dog.java:32)
	at com.bean.Dog.setApplicationContext(Dog.java:32)
	at com.bean.Dog.setApplicationContext(Dog.java:32)
	at com.bean.Dog.setApplicationContext(Dog.java:32)
	at com.bean.Dog.setApplicationContext(Dog.java:32)
	at com.bean.Dog.setApplicationContext(Dog.java:32)
	at com.bean.Dog.setApplicationContext(Dog.java:32)
	at com.bean.Dog.setApplicationContext(Dog.java:32)
	at com.bean.Dog.setApplicationContext(Dog.java:32)
	at com.bean.Dog.setApplicationContext(Dog.java:32)
	at com.bean.Dog.setApplicationContext(Dog.java:32)
	at com.bean.Dog.setApplicationContext(Dog.java:32)
	at com.bean.Dog.setApplicationContext(Dog.java:32)
	at com.bean.Dog.setApplicationContext(Dog.java:32)
	at com.bean.Dog.setApplicationContext(Dog.java:32)
	at com.bean.Dog.setApplicationContext(Dog.java:32)
	at com.bean.Dog.setApplicationContext(Dog.java:32)
	at com.bean.Dog.setApplicationContext(Dog.java:32)
	at com.bean.Dog.setApplicationContext(Dog.java:32)
	at com.bean.Dog.setApplicationContext(Dog.java:32)
	at com.bean.Dog.setApplicationContext(Dog.java:32)
	at com.bean.Dog.setApplicationContext(Dog.java:32)
	at com.bean.Dog.setApplicationContext(Dog.java:32)
	at com.bean.Dog.setApplicationContext(Dog.java:32)
	at com.bean.Dog.setApplicationContext(Dog.java:32)
	at com.bean.Dog.setApplicationContext(Dog.java:32)
	at com.bean.Dog.setApplicationContext(Dog.java:32)
	at com.bean.Dog.setApplicationContext(Dog.java:32)
	at com.bean.Dog.setApplicationContext(Dog.java:32)
	at com.bean.Dog.setApplicationContext(Dog.java:32)
	at com.bean.Dog.setApplicationContext(Dog.java:32)
	at com.bean.Dog.setApplicationContext(Dog.java:32)
	at com.bean.Dog.setApplicationContext(Dog.java:32)
	at com.bean.Dog.setApplicationContext(Dog.java:32)
	at com.bean.Dog.setApplicationContext(Dog.java:32)
	at com.bean.Dog.setApplicationContext(Dog.java:32)
	at com.bean.Dog.setApplicationContext(Dog.java:32)
	at com.bean.Dog.setApplicationContext(Dog.java:32)
	at com.bean.Dog.setApplicationContext(Dog.java:32)
	at com.bean.Dog.setApplicationContext(Dog.java:32)
	at com.bean.Dog.setApplicationContext(Dog.java:32)
	at com.bean.Dog.setApplicationContext(Dog.java:32)
	at com.bean.Dog.setApplicationContext(Dog.java:32)
	at com.bean.Dog.setApplicationContext(Dog.java:32)
	at com.bean.Dog.setApplicationContext(Dog.java:32)
	at com.bean.Dog.setApplicationContext(Dog.java:32)
	at com.bean.Dog.setApplicationContext(Dog.java:32)
	at com.bean.Dog.setApplicationContext(Dog.java:32)
	at com.bean.Dog.setApplicationContext(Dog.java:32)
	at com.bean.Dog.setApplicationContext(Dog.java:32)
	at com.bean.Dog.setApplicationContext(Dog.java:32)
	at com.bean.Dog.setApplicationContext(Dog.java:32)
	at com.bean.Dog.setApplicationContext(Dog.java:32)
	at com.bean.Dog.setApplicationContext(Dog.java:32)
	at com.bean.Dog.setApplicationContext(Dog.java:32)
	at com.bean.Dog.setApplicationContext(Dog.java:32)
	at com.bean.Dog.setApplicationContext(Dog.java:32)
	at com.bean.Dog.setApplicationContext(Dog.java:32)
	at com.bean.Dog.setApplicationContext(Dog.java:32)
	at com.bean.Dog.setApplicationContext(Dog.java:32)
	at com.bean.Dog.setApplicationContext(Dog.java:32)
	at com.bean.Dog.setApplicationContext(Dog.java:32)
	at com.bean.Dog.setApplicationContext(Dog.java:32)
	at com.bean.Dog.setApplicationContext(Dog.java:32)
	at com.bean.Dog.setApplicationContext(Dog.java:32)
	at com.bean.Dog.setApplicationContext(Dog.java:32)
	at com.bean.Dog.setApplicationContext(Dog.java:32)
	at com.bean.Dog.setApplicationContext(Dog.java:32)
	at com.bean.Dog.setApplicationContext(Dog.java:32)
	at com.bean.Dog.setApplicationContext(Dog.java:32)
	at com.bean.Dog.setApplicationContext(Dog.java:32)
	at com.bean.Dog.setApplicationContext(Dog.java:32)
	at com.bean.Dog.setApplicationContext(Dog.java:32)
	at com.bean.Dog.setApplicationContext(Dog.java:32)
	at com.bean.Dog.setApplicationContext(Dog.java:32)
	at com.bean.Dog.setApplicationContext(Dog.java:32)
	at com.bean.Dog.setApplicationContext(Dog.java:32)
	at com.bean.Dog.setApplicationContext(Dog.java:32)
	at com.bean.Dog.setApplicationContext(Dog.java:32)
	at com.bean.Dog.setApplicationContext(Dog.java:32)
	at com.bean.Dog.setApplicationContext(Dog.java:32)
	at com.bean.Dog.setApplicationContext(Dog.java:32)
	at com.bean.Dog.setApplicationContext(Dog.java:32)
	at com.bean.Dog.setApplicationContext(Dog.java:32)
	at com.bean.Dog.setApplicationContext(Dog.java:32)
	at com.bean.Dog.setApplicationContext(Dog.java:32)
	at com.bean.Dog.setApplicationContext(Dog.java:32)
	at com.bean.Dog.setApplicationContext(Dog.java:32)
	at com.bean.Dog.setApplicationContext(Dog.java:32)
	at com.bean.Dog.setApplicationContext(Dog.java:32)
	at com.bean.Dog.setApplicationContext(Dog.java:32)
	at com.bean.Dog.setApplicationContext(Dog.java:32)
	at com.bean.Dog.setApplicationContext(Dog.java:32)
	at com.bean.Dog.setApplicationContext(Dog.java:32)
	at com.bean.Dog.setApplicationContext(Dog.java:32)
	at com.bean.Dog.setApplicationContext(Dog.java:32)
	at com.bean.Dog.setApplicationContext(Dog.java:32)
	at com.bean.Dog.setApplicationContext(Dog.java:32)
	at com.bean.Dog.setApplicationContext(Dog.java:32)
	at com.bean.Dog.setApplicationContext(Dog.java:32)
	at com.bean.Dog.setApplicationContext(Dog.java:32)
	at com.bean.Dog.setApplicationContext(Dog.java:32)
	at com.bean.Dog.setApplicationContext(Dog.java:32)
	at com.bean.Dog.setApplicationContext(Dog.java:32)
	at com.bean.Dog.setApplicationContext(Dog.java:32)
	at com.bean.Dog.setApplicationContext(Dog.java:32)
	at com.bean.Dog.setApplicationContext(Dog.java:32)
	at com.bean.Dog.setApplicationContext(Dog.java:32)
	at com.bean.Dog.setApplicationContext(Dog.java:32)
	at com.bean.Dog.setApplicationContext(Dog.java:32)
	at com.bean.Dog.setApplicationContext(Dog.java:32)
	at com.bean.Dog.setApplicationContext(Dog.java:32)
	at com.bean.Dog.setApplicationContext(Dog.java:32)
	at com.bean.Dog.setApplicationContext(Dog.java:32)
	at com.bean.Dog.setApplicationContext(Dog.java:32)
	at com.bean.Dog.setApplicationContext(Dog.java:32)
	at com.bean.Dog.setApplicationContext(Dog.java:32)
	at com.bean.Dog.setApplicationContext(Dog.java:32)
	at com.bean.Dog.setApplicationContext(Dog.java:32)
	at com.bean.Dog.setApplicationContext(Dog.java:32)
	at com.bean.Dog.setApplicationContext(Dog.java:32)
	at com.bean.Dog.setApplicationContext(Dog.java:32)
	at com.bean.Dog.setApplicationContext(Dog.java:32)
	at com.bean.Dog.setApplicationContext(Dog.java:32)
	at com.bean.Dog.setApplicationContext(Dog.java:32)
	at com.bean.Dog.setApplicationContext(Dog.java:32)
	at com.bean.Dog.setApplicationContext(Dog.java:32)
	at com.bean.Dog.setApplicationContext(Dog.java:32)
	at com.bean.Dog.setApplicationContext(Dog.java:32)
	at com.bean.Dog.setApplicationContext(Dog.java:32)
	at com.bean.Dog.setApplicationContext(Dog.java:32)
	at com.bean.Dog.setApplicationContext(Dog.java:32)
	at com.bean.Dog.setApplicationContext(Dog.java:32)
	at com.bean.Dog.setApplicationContext(Dog.java:32)
	at com.bean.Dog.setApplicationContext(Dog.java:32)
	at com.bean.Dog.setApplicationContext(Dog.java:32)
	at com.bean.Dog.setApplicationContext(Dog.java:32)
	at com.bean.Dog.setApplicationContext(Dog.java:32)
	at com.bean.Dog.setApplicationContext(Dog.java:32)
	at com.bean.Dog.setApplicationContext(Dog.java:32)
	at com.bean.Dog.setApplicationContext(Dog.java:32)
	at com.bean.Dog.setApplicationContext(Dog.java:32)
	at com.bean.Dog.setApplicationContext(Dog.java:32)
	at com.bean.Dog.setApplicationContext(Dog.java:32)
	at com.bean.Dog.setApplicationContext(Dog.java:32)
	at com.bean.Dog.setApplicationContext(Dog.java:32)
	at com.bean.Dog.setApplicationContext(Dog.java:32)
	at com.bean.Dog.setApplicationContext(Dog.java:32)
	at com.bean.Dog.setApplicationContext(Dog.java:32)
	at com.bean.Dog.setApplicationContext(Dog.java:32)
	at com.bean.Dog.setApplicationContext(Dog.java:32)
	at com.bean.Dog.setApplicationContext(Dog.java:32)
	at com.bean.Dog.setApplicationContext(Dog.java:32)
	at com.bean.Dog.setApplicationContext(Dog.java:32)
	at com.bean.Dog.setApplicationContext(Dog.java:32)
	at com.bean.Dog.setApplicationContext(Dog.java:32)
	at com.bean.Dog.setApplicationContext(Dog.java:32)
	at com.bean.Dog.setApplicationContext(Dog.java:32)
	at com.bean.Dog.setApplicationContext(Dog.java:32)
	at com.bean.Dog.setApplicationContext(Dog.java:32)
	at com.bean.Dog.setApplicationContext(Dog.java:32)
	at com.bean.Dog.setApplicationContext(Dog.java:32)
	at com.bean.Dog.setApplicationContext(Dog.java:32)
	at com.bean.Dog.setApplicationContext(Dog.java:32)
	at com.bean.Dog.setApplicationContext(Dog.java:32)
	at com.bean.Dog.setApplicationContext(Dog.java:32)
	at com.bean.Dog.setApplicationContext(Dog.java:32)
	at com.bean.Dog.setApplicationContext(Dog.java:32)
	at com.bean.Dog.setApplicationContext(Dog.java:32)
	at com.bean.Dog.setApplicationContext(Dog.java:32)
	at com.bean.Dog.setApplicationContext(Dog.java:32)
	at com.bean.Dog.setApplicationContext(Dog.java:32)
	at com.bean.Dog.setApplicationContext(Dog.java:32)
	at com.bean.Dog.setApplicationContext(Dog.java:32)
	at com.bean.Dog.setApplicationContext(Dog.java:32)
	at com.bean.Dog.setApplicationContext(Dog.java:32)
	at com.bean.Dog.setApplicationContext(Dog.java:32)
	at com.bean.Dog.setApplicationContext(Dog.java:32)
	at com.bean.Dog.setApplicationContext(Dog.java:32)
	at com.bean.Dog.setApplicationContext(Dog.java:32)
	at com.bean.Dog.setApplicationContext(Dog.java:32)
	at com.bean.Dog.setApplicationContext(Dog.java:32)
	at com.bean.Dog.setApplicationContext(Dog.java:32)
	at com.bean.Dog.setApplicationContext(Dog.java:32)
	at com.bean.Dog.setApplicationContext(Dog.java:32)
	at com.bean.Dog.setApplicationContext(Dog.java:32)
	at com.bean.Dog.setApplicationContext(Dog.java:32)
	at com.bean.Dog.setApplicationContext(Dog.java:32)
	at com.bean.Dog.setApplicationContext(Dog.java:32)
	at com.bean.Dog.setApplicationContext(Dog.java:32)
	at com.bean.Dog.setApplicationContext(Dog.java:32)
	at com.bean.Dog.setApplicationContext(Dog.java:32)
	at com.bean.Dog.setApplicationContext(Dog.java:32)
	at com.bean.Dog.setApplicationContext(Dog.java:32)
	at com.bean.Dog.setApplicationContext(Dog.java:32)
</error>
    <system-out>car constructor...
boss...有参构造器
cat constructor...
cat afterPropertiesSet...
dot constructor...
cat destroy...
</system-out>
    <system-err>8月 28, 2020 4:28:15 下午 org.springframework.context.annotation.AnnotationConfigApplicationContext prepareRefresh
信息: Refreshing org.springframework.context.annotation.AnnotationConfigApplicationContext@12c0c0b3: startup date [Fri Aug 28 16:28:15 CST 2020]; root of context hierarchy
8月 28, 2020 4:28:15 下午 org.springframework.context.annotation.AnnotationConfigApplicationContext refresh
警告: Exception encountered during context initialization - cancelling refresh attempt: org.springframework.beans.factory.BeanCreationException: Error creating bean with name &apos;dog&apos; defined in file [/home/chenjingyi/study/study/spring-annotation/target/classes/com/bean/Dog.class]: Initialization of bean failed; nested exception is java.lang.StackOverflowError
</system-err>
  </testcase>
</testsuite>